{
  "0 debug pnpm:scope": {
    "selected": 1
  },
  "1 error pnpm": {
    "errno": 1,
    "code": "ELIFECYCLE",
    "pkgid": "vue-first-app@0.1.0",
    "stage": "start",
    "script": "node server.js",
    "pkgname": "vue-first-app",
    "err": {
      "name": "pnpm",
      "message": "vue-first-app@0.1.0 start: `node server.js`\nExit status 1",
      "code": "ELIFECYCLE",
      "stack": "pnpm: vue-first-app@0.1.0 start: `node server.js`\nExit status 1\n    at EventEmitter.<anonymous> (/usr/lib/node_modules/pnpm/dist/pnpm.cjs:104900:20)\n    at EventEmitter.emit (node:events:390:28)\n    at ChildProcess.<anonymous> (/usr/lib/node_modules/pnpm/dist/pnpm.cjs:92889:18)\n    at ChildProcess.emit (node:events:390:28)\n    at maybeClose (node:internal/child_process:1064:16)\n    at Process.ChildProcess._handle.onexit (node:internal/child_process:301:5)"
    }
  },
  "2 warn pnpm:global": " Local package.json exists, but node_modules missing, did you mean to install?"
}